Using pre-set license
Built from '2022.2/release' branch; Version is '2022.2.1f1 (4fead5835099) revision 5237461'; Using compiler version '192829333'; Build Type 'Release'
OS: 'Windows 10  (10.0.19045) 64bit Enterprise' Language: 'pt' Physical Memory: 32452 MB
BatchMode: 1, IsHumanControllingUs: 0, StartBugReporterOnCrash: 0, Is64bit: 1, IsPro: 1

COMMAND LINE ARGUMENTS:
C:\Program Files\Unity\Hub\Editor\2022.2.1f1\Editor\Unity.exe
-adb2
-batchMode
-noUpm
-name
AssetImportWorker0
-projectPath
C:/Users/joao.resende/Downloads/Projetos/Built in Lighting
-logFile
Logs/AssetImportWorker0.log
-srvPort
55197
Successfully changed project path to: C:/Users/joao.resende/Downloads/Projetos/Built in Lighting
C:/Users/joao.resende/Downloads/Projetos/Built in Lighting
[UnityMemory] Configuration Parameters - Can be set up in boot.config
    "memorysetup-bucket-allocator-granularity=16"
    "memorysetup-bucket-allocator-bucket-count=8"
    "memorysetup-bucket-allocator-block-size=33554432"
    "memorysetup-bucket-allocator-block-count=8"
    "memorysetup-main-allocator-block-size=16777216"
    "memorysetup-thread-allocator-block-size=16777216"
    "memorysetup-gfx-main-allocator-block-size=16777216"
    "memorysetup-gfx-thread-allocator-block-size=16777216"
    "memorysetup-cache-allocator-block-size=4194304"
    "memorysetup-typetree-allocator-block-size=2097152"
    "memorysetup-profiler-bucket-allocator-granularity=16"
    "memorysetup-profiler-bucket-allocator-bucket-count=8"
    "memorysetup-profiler-bucket-allocator-block-size=33554432"
    "memorysetup-profiler-bucket-allocator-block-count=8"
    "memorysetup-profiler-allocator-block-size=16777216"
    "memorysetup-profiler-editor-allocator-block-size=1048576"
    "memorysetup-temp-allocator-size-main=16777216"
    "memorysetup-job-temp-allocator-block-size=2097152"
    "memorysetup-job-temp-allocator-block-size-background=1048576"
    "memorysetup-job-temp-allocator-reduction-small-platforms=262144"
    "memorysetup-temp-allocator-size-background-worker=32768"
    "memorysetup-temp-allocator-size-job-worker=262144"
    "memorysetup-temp-allocator-size-preload-manager=33554432"
    "memorysetup-temp-allocator-size-nav-mesh-worker=65536"
    "memorysetup-temp-allocator-size-audio-worker=65536"
    "memorysetup-temp-allocator-size-cloud-worker=32768"
    "memorysetup-temp-allocator-size-gi-baking-worker=262144"
    "memorysetup-temp-allocator-size-gfx=262144"
Player connection [15176] Host "[IP] 10.125.69.130 [Port] 0 [Flags] 2 [Guid] 1027315951 [EditorId] 1027315951 [Version] 1048832 [Id] WindowsEditor(7,SN-393149) [Debug] 1 [PackageName] WindowsEditor [ProjectName] Editor" joined multi-casting on [225.0.0.222:54997]...

Player connection [15176] Host "[IP] 10.125.69.130 [Port] 0 [Flags] 2 [Guid] 1027315951 [EditorId] 1027315951 [Version] 1048832 [Id] WindowsEditor(7,SN-393149) [Debug] 1 [PackageName] WindowsEditor [ProjectName] Editor" joined alternative multi-casting on [225.0.0.222:34997]...

Refreshing native plugins compatible for Editor in 1342.46 ms, found 3 plugins.
Preloading 0 native plugins for Editor in 0.00 ms.
Initialize engine version: 2022.2.1f1 (4fead5835099)
[Subsystems] Discovering subsystems at path C:/Program Files/Unity/Hub/Editor/2022.2.1f1/Editor/Data/Resources/UnitySubsystems
[Subsystems] Discovering subsystems at path C:/Users/joao.resende/Downloads/Projetos/Built in Lighting/Assets
GfxDevice: creating device client; threaded=0; jobified=0
Direct3D:
    Version:  Direct3D 11.0 [level 11.1]
    Renderer: NVIDIA GeForce RTX 4050 Laptop GPU (ID=0x28e1)
    Vendor:   NVIDIA
    VRAM:     5935 MB
    Driver:   31.0.15.3623
Initialize mono
Mono path[0] = 'C:/Program Files/Unity/Hub/Editor/2022.2.1f1/Editor/Data/Managed'
Mono path[1] = 'C:/Program Files/Unity/Hub/Editor/2022.2.1f1/Editor/Data/MonoBleedingEdge/lib/mono/unityjit-win32'
Mono config path = 'C:/Program Files/Unity/Hub/Editor/2022.2.1f1/Editor/Data/MonoBleedingEdge/etc'
Using monoOptions --debugger-agent=transport=dt_socket,embedding=1,server=y,suspend=n,address=127.0.0.1:56848
Begin MonoManager ReloadAssembly
Registering precompiled unity dll's ...
Register platform support module: C:/Program Files/Unity/Hub/Editor/2022.2.1f1/Editor/Data/PlaybackEngines/WindowsStandaloneSupport/UnityEditor.WindowsStandalone.Extensions.dll
Registered in 0.094532 seconds.
- Loaded All Assemblies, in  5.563 seconds
Native extension for WindowsStandalone target not found
Mono: successfully reloaded assembly
- Finished resetting the current domain, in  0.295 seconds
Domain Reload Profiling:
	ReloadAssembly (4861ms)
		BeginReloadAssembly (4295ms)
			ExecutionOrderSort (0ms)
			DisableScriptedObjects (0ms)
			BackupInstance (0ms)
			ReleaseScriptingObjects (0ms)
			CreateAndSetChildDomain (1ms)
		LoadAllAssembliesAndSetupDomain (0ms)
			LoadAssemblies (4293ms)
			RebuildTransferFunctionScriptingTraits (0ms)
			SetupTypeCache (693ms)
				TypeCache.Initialize (693ms)
					TypeCache.ScanAssembly (691ms)
				ResolveRequiredComponents (1ms)
		FinalizeReload (0ms)
			ReleaseScriptCaches (0ms)
			RebuildScriptCaches (0ms)
			SetupLoadedEditorAssemblies (229ms)
				LogAssemblyErrors (0ms)
				InitializePlatformSupportModulesInManaged (11ms)
				SetLoadedEditorAssemblies (10ms)
				RefreshPlugins (0ms)
				BeforeProcessingInitializeOnLoad (1ms)
				ProcessInitializeOnLoadAttributes (151ms)
				ProcessInitializeOnLoadMethodAttributes (56ms)
				AfterProcessingInitializeOnLoad (0ms)
				EditorAssembliesLoaded (0ms)
			ExecutionOrderSort2 (0ms)
			AwakeInstancesAfterBackupRestoration (0ms)
========================================================================
Worker process is ready to serve import requests
Begin MonoManager ReloadAssembly
Symbol file LoadedFromMemory doesn't match image C:\Users\joao.resende\Downloads\Projetos\Built in Lighting\Library\PackageCache\com.unity.visualscripting@1.7.8\Editor\VisualScripting.Core\Dependencies\YamlDotNet\Unity.VisualScripting.YamlDotNet.dll
Symbol file LoadedFromMemory doesn't match image C:\Users\joao.resende\Downloads\Projetos\Built in Lighting\Library\PackageCache\com.unity.visualscripting@1.7.8\Editor\VisualScripting.Core\Dependencies\DotNetZip\Unity.VisualScripting.IonicZip.dll
- Loaded All Assemblies, in  4.887 seconds
Refreshing native plugins compatible for Editor in 3.47 ms, found 3 plugins.
Native extension for WindowsStandalone target not found
Mono: successfully reloaded assembly
- Finished resetting the current domain, in  1.773 seconds
Domain Reload Profiling:
	ReloadAssembly (220ms)
		BeginReloadAssembly (123ms)
			ExecutionOrderSort (0ms)
			DisableScriptedObjects (6ms)
			BackupInstance (0ms)
			ReleaseScriptingObjects (0ms)
			CreateAndSetChildDomain (22ms)
		LoadAllAssembliesAndSetupDomain (4664ms)
			LoadAssemblies (3776ms)
			RebuildTransferFunctionScriptingTraits (0ms)
			SetupTypeCache (940ms)
				TypeCache.Initialize (751ms)
					TypeCache.ScanAssembly (746ms)
				ResolveRequiredComponents (4ms)
		FinalizeReload (0ms)
			ReleaseScriptCaches (0ms)
			RebuildScriptCaches (0ms)
			SetupLoadedEditorAssemblies (1608ms)
				LogAssemblyErrors (0ms)
				InitializePlatformSupportModulesInManaged (7ms)
				SetLoadedEditorAssemblies (10ms)
				RefreshPlugins (0ms)
				BeforeProcessingInitializeOnLoad (100ms)
				ProcessInitializeOnLoadAttributes (285ms)
				ProcessInitializeOnLoadMethodAttributes (1198ms)
				AfterProcessingInitializeOnLoad (9ms)
				EditorAssembliesLoaded (0ms)
			ExecutionOrderSort2 (0ms)
			AwakeInstancesAfterBackupRestoration (7ms)
Launched and connected shader compiler UnityShaderCompiler.exe after 0.04 seconds
Refreshing native plugins compatible for Editor in 4.23 ms, found 3 plugins.
Preloading 0 native plugins for Editor in 0.00 ms.
Unloading 3379 Unused Serialized files (Serialized files now loaded: 0)
Unloading 26 unused Assets / (68.2 KB). Loaded Objects now: 3845.
Memory consumption went from 0.51 GB to 0.51 GB.
Total: 3.146700 ms (FindLiveObjects: 0.302000 ms CreateObjectMapping: 0.093800 ms MarkObjects: 2.665500 ms  DeleteObjects: 0.083900 ms)

AssetImportParameters requested are different than current active one (requested -> active):
  custom:container-demuxer-ogg: 62fdf1f143b41e24485cea50d1cbac27 -> 
  custom:video-decoder-ogg-theora: a1e56fd34408186e4bbccfd4996cb3dc -> 
  custom:framework-win-MediaFoundation: 216162199b28c13a410421893ffa2e32 -> 
  custom:container-demuxer-webm: 4f35f7cbe854078d1ac9338744f61a02 -> 
  custom:container-muxer-webm: aa71ff27fc2769a1b78a27578f13a17b -> 
  custom:video-decoder-webm-vp8: 9c59270c3fd7afecdb556c50c9e8de78 -> 
  custom:AudioImporter_EditorPlatform: d09bf68614088b80899f8185d706f6e7 -> 
  custom:video-encoder-webm-vp8: eb34c28f22e8b96e1ab97ce403110664 -> 
  custom:audio-decoder-ogg-vorbis: bf7c407c2cedff20999df2af8eb42d56 -> 
  custom:audio-encoder-webm-vorbis: bf7c407c2cedff20999df2af8eb42d56 -> 
========================================================================
Received Import Request.
  Time since last request: 2664.324330 seconds.
  path: Assets/Art/HDRI resources.txt
  artifactKey: Guid(496ff98d68eb9d549a39f6ee10094bd9) Importer(815301076,1909f56bfc062723c751e8b465ee728b)
Number of updated assets reloaded before import = 0
Start importing Assets/Art/HDRI resources.txt using Guid(496ff98d68eb9d549a39f6ee10094bd9) Importer(815301076,1909f56bfc062723c751e8b465ee728b)  -> (artifact id: '00000000000000000000000000000000') in 0.419036 seconds  code(4) message(Build asset version error: assets/art/hdri resources.txt in SourceAssetDB has modification time of '2025-01-10T16:48:25.4629457Z' while content on disk has modification time of '0001-01-01T00:00:00Z' with error code 2
Stacktrace:
0x00007ff6f06ea1cd (Unity) StackWalker::GetCurrentCallstack
0x00007ff6f06ef179 (Unity) StackWalker::ShowCallstack
0x00007ff6f16b8061 (Unity) GetStacktrace
0x00007ff6f1a4b363 (Unity) GetAssetHashAndValidate
0x00007ff6f1a45b53 (Unity) AssetVersionBuilder::BuildHashOfSourceAssetArray
0x00007ff6f1a43ae1 (Unity) AssetVersionBuilder::BuildAssetVersion
0x00007ff6f19c9f29 (Unity) CreateAssetVersionBuilder
0x00007ff6f19d0b13 (Unity) ImportToObjects
0x00007ff6f19cf913 (Unity) ImportAsset
0x00007ff6f19f39aa (Unity) AssetImportWorker::Import
0x00007ff6f1a5a380 (Unity) <lambda_125fd65ee0df8f3d838fe16f29337a96>::operator()
0x00007ff6f1a96992 (Unity) asio::detail::completion_handler<core::mutable_function<void __cdecl(void)>,asio::io_context::basic_executor_type<std::allocator<void>,0> >::do_complete
0x00007ff6f1a8293e (Unity) asio::detail::win_iocp_io_context::do_one
0x00007ff6f1a845a4 (Unity) asio::detail::win_iocp_io_context::run
0x00007ff6f1a94d3c (Unity) IOService::Run
0x00007ff6f1a6954f (Unity) AssetImportWorkerClient::Run
0x00007ff6f1a345b7 (Unity) RunAssetImportWorkerClientV2
0x00007ff6f1a3463b (Unity) RunAssetImporterV2
0x00007ff6f122ab2b (Unity) Application::InitializeProject
0x00007ff6f16c1cb5 (Unity) WinMain
0x00007ff6f2a8752e (Unity) __scrt_common_main_seh
0x00007ffa08c37374 (KERNEL32) BaseThreadInitThunk
0x00007ffa0a69cc91 (ntdll) RtlUserThreadStart
)
  ERROR: Build asset version error: assets/art/hdri resources.txt in SourceAssetDB has modification time of '2025-01-10T16:48:25.4629457Z' while content on disk has modification time of '0001-01-01T00:00:00Z' with error code 2
Stacktrace:
0x00007ff6f06ea1cd (Unity) StackWalker::GetCurrentCallstack
0x00007ff6f06ef179 (Unity) StackWalker::ShowCallstack
0x00007ff6f16b8061 (Unity) GetStacktrace
0x00007ff6f1a4b363 (Unity) GetAssetHashAndValidate
0x00007ff6f1a45b53 (Unity) AssetVersionBuilder::BuildHashOfSourceAssetArray
0x00007ff6f1a43ae1 (Unity) AssetVersionBuilder::BuildAssetVersion
0x00007ff6f19c9f29 (Unity) CreateAssetVersionBuilder
0x00007ff6f19d0b13 (Unity) ImportToObjects
0x00007ff6f19cf913 (Unity) ImportAsset
0x00007ff6f19f39aa (Unity) AssetImportWorker::Import
0x00007ff6f1a5a380 (Unity) <lambda_125fd65ee0df8f3d838fe16f29337a96>::operator()
0x00007ff6f1a96992 (Unity) asio::detail::completion_handler<core::mutable_function<void __cdecl(void)>,asio::io_context::basic_executor_type<std::allocator<void>,0> >::do_complete
0x00007ff6f1a8293e (Unity) asio::detail::win_iocp_io_context::do_one
0x00007ff6f1a845a4 (Unity) asio::detail::win_iocp_io_context::run
0x00007ff6f1a94d3c (Unity) IOService::Run
0x00007ff6f1a6954f (Unity) AssetImportWorkerClient::Run
0x00007ff6f1a345b7 (Unity) RunAssetImportWorkerClientV2
0x00007ff6f1a3463b (Unity) RunAssetImporterV2
0x00007ff6f122ab2b (Unity) Application::InitializeProject
0x00007ff6f16c1cb5 (Unity) WinMain
0x00007ff6f2a8752e (Unity) __scrt_common_main_seh
0x00007ffa08c37374 (KERNEL32) BaseThreadInitThunk
0x00007ffa0a69cc91 (ntdll) RtlUserThreadStart

Number of asset objects unloaded after import = 0
========================================================================
Received Import Request.
  Time since last request: 496.886122 seconds.
  path: Assets/Art/autumn_field_puresky_16k.exr
  artifactKey: Guid(fb65fee2659572947a3b349cdb2a9062) Importer(815301076,1909f56bfc062723c751e8b465ee728b)
Number of updated assets reloaded before import = 0
Start importing Assets/Art/autumn_field_puresky_16k.exr using Guid(fb65fee2659572947a3b349cdb2a9062) Importer(815301076,1909f56bfc062723c751e8b465ee728b)  -> (artifact id: 'e44655435b4603579aaae5e3fa16a6b8') in 0.057536 seconds 
Number of asset objects unloaded after import = 2
========================================================================
Received Import Request.
  Time since last request: 49.222056 seconds.
  path: Assets/Art/autumn_field_puresky_16k.exr
  artifactKey: Guid(fb65fee2659572947a3b349cdb2a9062) Importer(815301076,1909f56bfc062723c751e8b465ee728b)
Number of updated assets reloaded before import = 0
Start importing Assets/Art/autumn_field_puresky_16k.exr using Guid(fb65fee2659572947a3b349cdb2a9062) Importer(815301076,1909f56bfc062723c751e8b465ee728b)  -> (artifact id: 'ab3b65bda001d42c20ce71b221b1cc74') in 0.144021 seconds 
Number of asset objects unloaded after import = 2
========================================================================
Received Import Request.
  Time since last request: 32.167316 seconds.
  path: Assets/Art/dry_orchard_meadow_4k.exr
  artifactKey: Guid(09bb267f1c5f70e469e2060ff49d82b2) Importer(815301076,1909f56bfc062723c751e8b465ee728b)
Number of updated assets reloaded before import = 0
Start importing Assets/Art/dry_orchard_meadow_4k.exr using Guid(09bb267f1c5f70e469e2060ff49d82b2) Importer(815301076,1909f56bfc062723c751e8b465ee728b)  -> (artifact id: '6e13e489ce4c3c980159ee29a97508f8') in 0.016070 seconds 
Number of asset objects unloaded after import = 2
========================================================================
Received Import Request.
  Time since last request: 5.823983 seconds.
  path: Assets/Art/dry_orchard_meadow_4k.exr
  artifactKey: Guid(09bb267f1c5f70e469e2060ff49d82b2) Importer(815301076,1909f56bfc062723c751e8b465ee728b)
Number of updated assets reloaded before import = 0
Start importing Assets/Art/dry_orchard_meadow_4k.exr using Guid(09bb267f1c5f70e469e2060ff49d82b2) Importer(815301076,1909f56bfc062723c751e8b465ee728b)  -> (artifact id: 'daa6505e1037f6acdf3194cb20d36fdc') in 0.029212 seconds 
Number of asset objects unloaded after import = 2
========================================================================
Received Import Request.
  Time since last request: 14.909413 seconds.
  path: Assets/Art
  artifactKey: Guid(e0b043a0097ea9848af932e34151b154) Importer(815301076,1909f56bfc062723c751e8b465ee728b)
Number of updated assets reloaded before import = 0
Start importing Assets/Art using Guid(e0b043a0097ea9848af932e34151b154) Importer(815301076,1909f56bfc062723c751e8b465ee728b)  -> (artifact id: 'a5f7451597b2cc28c4ab929a69a503c9') in 0.008005 seconds 
Number of asset objects unloaded after import = 0
========================================================================
Received Import Request.
  Time since last request: 198.835611 seconds.
  path: Assets/Art/dry_orchard_meadow_4k.exr
  artifactKey: Guid(09bb267f1c5f70e469e2060ff49d82b2) Importer(815301076,1909f56bfc062723c751e8b465ee728b)
Number of updated assets reloaded before import = 0
Start importing Assets/Art/dry_orchard_meadow_4k.exr using Guid(09bb267f1c5f70e469e2060ff49d82b2) Importer(815301076,1909f56bfc062723c751e8b465ee728b)  -> (artifact id: '9af72cca8e29bdda14a61b747f9dc7f4') in 0.024190 seconds 
Number of asset objects unloaded after import = 2
========================================================================
Received Prepare
Begin MonoManager ReloadAssembly
Symbol file LoadedFromMemory doesn't match image C:\Users\joao.resende\Downloads\Projetos\Built in Lighting\Library\PackageCache\com.unity.visualscripting@1.7.8\Editor\VisualScripting.Core\Dependencies\YamlDotNet\Unity.VisualScripting.YamlDotNet.dll
Symbol file LoadedFromMemory doesn't match image C:\Users\joao.resende\Downloads\Projetos\Built in Lighting\Library\PackageCache\com.unity.visualscripting@1.7.8\Editor\VisualScripting.Core\Dependencies\DotNetZip\Unity.VisualScripting.IonicZip.dll
- Loaded All Assemblies, in  0.729 seconds
Refreshing native plugins compatible for Editor in 3.54 ms, found 3 plugins.
Native extension for WindowsStandalone target not found
[ScriptCompilation] NOT recompiling all scripts because this is an import worker process. Reason to compile was: Define symbols changed
Mono: successfully reloaded assembly
- Finished resetting the current domain, in  1.110 seconds
Domain Reload Profiling:
	ReloadAssembly (229ms)
		BeginReloadAssembly (149ms)
			ExecutionOrderSort (0ms)
			DisableScriptedObjects (6ms)
			BackupInstance (0ms)
			ReleaseScriptingObjects (0ms)
			CreateAndSetChildDomain (45ms)
		LoadAllAssembliesAndSetupDomain (498ms)
			LoadAssemblies (96ms)
			RebuildTransferFunctionScriptingTraits (0ms)
			SetupTypeCache (460ms)
				TypeCache.Initialize (276ms)
					TypeCache.ScanAssembly (269ms)
				ResolveRequiredComponents (4ms)
		FinalizeReload (0ms)
			ReleaseScriptCaches (0ms)
			RebuildScriptCaches (0ms)
			SetupLoadedEditorAssemblies (616ms)
				LogAssemblyErrors (0ms)
				InitializePlatformSupportModulesInManaged (15ms)
				SetLoadedEditorAssemblies (11ms)
				RefreshPlugins (0ms)
				BeforeProcessingInitializeOnLoad (108ms)
				ProcessInitializeOnLoadAttributes (443ms)
				ProcessInitializeOnLoadMethodAttributes (31ms)
				AfterProcessingInitializeOnLoad (7ms)
				EditorAssembliesLoaded (0ms)
			ExecutionOrderSort2 (0ms)
			AwakeInstancesAfterBackupRestoration (8ms)
Refreshing native plugins compatible for Editor in 7.30 ms, found 3 plugins.
Preloading 0 native plugins for Editor in 0.00 ms.
Unloading 3503 Unused Serialized files (Serialized files now loaded: 0)
Unloading 60 unused Assets / (3.4 MB). Loaded Objects now: 3945.
Memory consumption went from 0.54 GB to 0.53 GB.
Total: 51.105600 ms (FindLiveObjects: 3.988000 ms CreateObjectMapping: 0.511600 ms MarkObjects: 35.444300 ms  DeleteObjects: 11.159900 ms)

AssetImportParameters requested are different than current active one (requested -> active):
  custom:container-demuxer-ogg: 62fdf1f143b41e24485cea50d1cbac27 -> 
  custom:video-decoder-ogg-theora: a1e56fd34408186e4bbccfd4996cb3dc -> 
  custom:framework-win-MediaFoundation: 216162199b28c13a410421893ffa2e32 -> 
  custom:container-demuxer-webm: 4f35f7cbe854078d1ac9338744f61a02 -> 
  custom:container-muxer-webm: aa71ff27fc2769a1b78a27578f13a17b -> 
  custom:video-decoder-webm-vp8: 9c59270c3fd7afecdb556c50c9e8de78 -> 
  custom:AudioImporter_EditorPlatform: d09bf68614088b80899f8185d706f6e7 -> 
  custom:video-encoder-webm-vp8: eb34c28f22e8b96e1ab97ce403110664 -> 
  custom:audio-decoder-ogg-vorbis: bf7c407c2cedff20999df2af8eb42d56 -> 
  custom:audio-encoder-webm-vorbis: bf7c407c2cedff20999df2af8eb42d56 -> 
========================================================================
Received Prepare
Begin MonoManager ReloadAssembly
Symbol file LoadedFromMemory doesn't match image C:\Users\joao.resende\Downloads\Projetos\Built in Lighting\Library\PackageCache\com.unity.visualscripting@1.7.8\Editor\VisualScripting.Core\Dependencies\YamlDotNet\Unity.VisualScripting.YamlDotNet.dll
Symbol file LoadedFromMemory doesn't match image C:\Users\joao.resende\Downloads\Projetos\Built in Lighting\Library\PackageCache\com.unity.visualscripting@1.7.8\Editor\VisualScripting.Core\Dependencies\DotNetZip\Unity.VisualScripting.IonicZip.dll
- Loaded All Assemblies, in  0.714 seconds
Refreshing native plugins compatible for Editor in 3.41 ms, found 3 plugins.
Native extension for WindowsStandalone target not found
[ScriptCompilation] NOT recompiling all scripts because this is an import worker process. Reason to compile was: Define symbols changed
Mono: successfully reloaded assembly
- Finished resetting the current domain, in  0.902 seconds
Domain Reload Profiling:
	ReloadAssembly (217ms)
		BeginReloadAssembly (139ms)
			ExecutionOrderSort (0ms)
			DisableScriptedObjects (6ms)
			BackupInstance (0ms)
			ReleaseScriptingObjects (0ms)
			CreateAndSetChildDomain (41ms)
		LoadAllAssembliesAndSetupDomain (494ms)
			LoadAssemblies (90ms)
			RebuildTransferFunctionScriptingTraits (0ms)
			SetupTypeCache (457ms)
				TypeCache.Initialize (276ms)
					TypeCache.ScanAssembly (269ms)
				ResolveRequiredComponents (4ms)
		FinalizeReload (0ms)
			ReleaseScriptCaches (0ms)
			RebuildScriptCaches (0ms)
			SetupLoadedEditorAssemblies (429ms)
				LogAssemblyErrors (0ms)
				InitializePlatformSupportModulesInManaged (14ms)
				SetLoadedEditorAssemblies (10ms)
				RefreshPlugins (0ms)
				BeforeProcessingInitializeOnLoad (103ms)
				ProcessInitializeOnLoadAttributes (268ms)
				ProcessInitializeOnLoadMethodAttributes (26ms)
				AfterProcessingInitializeOnLoad (7ms)
				EditorAssembliesLoaded (0ms)
			ExecutionOrderSort2 (0ms)
			AwakeInstancesAfterBackupRestoration (6ms)
Refreshing native plugins compatible for Editor in 3.32 ms, found 3 plugins.
Preloading 0 native plugins for Editor in 0.00 ms.
Unloading 3504 Unused Serialized files (Serialized files now loaded: 0)
Unloading 60 unused Assets / (3.5 MB). Loaded Objects now: 3948.
Memory consumption went from 0.54 GB to 0.53 GB.
Total: 4.077900 ms (FindLiveObjects: 0.283800 ms CreateObjectMapping: 0.100700 ms MarkObjects: 2.705500 ms  DeleteObjects: 0.987200 ms)

AssetImportParameters requested are different than current active one (requested -> active):
  custom:container-demuxer-ogg: 62fdf1f143b41e24485cea50d1cbac27 -> 
  custom:video-decoder-ogg-theora: a1e56fd34408186e4bbccfd4996cb3dc -> 
  custom:framework-win-MediaFoundation: 216162199b28c13a410421893ffa2e32 -> 
  custom:container-demuxer-webm: 4f35f7cbe854078d1ac9338744f61a02 -> 
  custom:container-muxer-webm: aa71ff27fc2769a1b78a27578f13a17b -> 
  custom:video-decoder-webm-vp8: 9c59270c3fd7afecdb556c50c9e8de78 -> 
  custom:AudioImporter_EditorPlatform: d09bf68614088b80899f8185d706f6e7 -> 
  custom:video-encoder-webm-vp8: eb34c28f22e8b96e1ab97ce403110664 -> 
  custom:audio-decoder-ogg-vorbis: bf7c407c2cedff20999df2af8eb42d56 -> 
  custom:audio-encoder-webm-vorbis: bf7c407c2cedff20999df2af8eb42d56 -> 
