Using pre-set license
Built from '2022.2/release' branch; Version is '2022.2.1f1 (4fead5835099) revision 5237461'; Using compiler version '192829333'; Build Type 'Release'
OS: 'Windows 11  (10.0.26100) 64bit Professional' Language: 'pt' Physical Memory: 16290 MB
BatchMode: 1, IsHumanControllingUs: 0, StartBugReporterOnCrash: 0, Is64bit: 1, IsPro: 1

COMMAND LINE ARGUMENTS:
E:\VersoesUnity\2022.2.1f1-x86_64\Editor\Unity.exe
-adb2
-batchMode
-noUpm
-name
AssetImportWorker0
-projectPath
E:/Git/EstudoLuzesUnity
-logFile
Logs/AssetImportWorker0.log
-srvPort
65324
Successfully changed project path to: E:/Git/EstudoLuzesUnity
E:/Git/EstudoLuzesUnity
[UnityMemory] Configuration Parameters - Can be set up in boot.config
    "memorysetup-bucket-allocator-granularity=16"
    "memorysetup-bucket-allocator-bucket-count=8"
    "memorysetup-bucket-allocator-block-size=33554432"
    "memorysetup-bucket-allocator-block-count=8"
    "memorysetup-main-allocator-block-size=16777216"
    "memorysetup-thread-allocator-block-size=16777216"
    "memorysetup-gfx-main-allocator-block-size=16777216"
    "memorysetup-gfx-thread-allocator-block-size=16777216"
    "memorysetup-cache-allocator-block-size=4194304"
    "memorysetup-typetree-allocator-block-size=2097152"
    "memorysetup-profiler-bucket-allocator-granularity=16"
    "memorysetup-profiler-bucket-allocator-bucket-count=8"
    "memorysetup-profiler-bucket-allocator-block-size=33554432"
    "memorysetup-profiler-bucket-allocator-block-count=8"
    "memorysetup-profiler-allocator-block-size=16777216"
    "memorysetup-profiler-editor-allocator-block-size=1048576"
    "memorysetup-temp-allocator-size-main=16777216"
    "memorysetup-job-temp-allocator-block-size=2097152"
    "memorysetup-job-temp-allocator-block-size-background=1048576"
    "memorysetup-job-temp-allocator-reduction-small-platforms=262144"
    "memorysetup-temp-allocator-size-background-worker=32768"
    "memorysetup-temp-allocator-size-job-worker=262144"
    "memorysetup-temp-allocator-size-preload-manager=33554432"
    "memorysetup-temp-allocator-size-nav-mesh-worker=65536"
    "memorysetup-temp-allocator-size-audio-worker=65536"
    "memorysetup-temp-allocator-size-cloud-worker=32768"
    "memorysetup-temp-allocator-size-gi-baking-worker=262144"
    "memorysetup-temp-allocator-size-gfx=262144"
Player connection [10624] Host "[IP] 192.168.1.9 [Port] 0 [Flags] 2 [Guid] 3981530997 [EditorId] 3981530997 [Version] 1048832 [Id] WindowsEditor(7,JoaoPC) [Debug] 1 [PackageName] WindowsEditor [ProjectName] Editor" joined multi-casting on [225.0.0.222:54997]...

Player connection [10624] Host "[IP] 192.168.1.9 [Port] 0 [Flags] 2 [Guid] 3981530997 [EditorId] 3981530997 [Version] 1048832 [Id] WindowsEditor(7,JoaoPC) [Debug] 1 [PackageName] WindowsEditor [ProjectName] Editor" joined alternative multi-casting on [225.0.0.222:34997]...

Refreshing native plugins compatible for Editor in 6.25 ms, found 3 plugins.
Preloading 0 native plugins for Editor in 0.00 ms.
Initialize engine version: 2022.2.1f1 (4fead5835099)
[Subsystems] Discovering subsystems at path E:/VersoesUnity/2022.2.1f1-x86_64/Editor/Data/Resources/UnitySubsystems
[Subsystems] Discovering subsystems at path E:/Git/EstudoLuzesUnity/Assets
GfxDevice: creating device client; threaded=0; jobified=0
Direct3D:
    Version:  Direct3D 11.0 [level 11.1]
    Renderer: NVIDIA GeForce RTX 3060 (ID=0x2504)
    Vendor:   NVIDIA
    VRAM:     12115 MB
    Driver:   32.0.15.6590
Initialize mono
Mono path[0] = 'E:/VersoesUnity/2022.2.1f1-x86_64/Editor/Data/Managed'
Mono path[1] = 'E:/VersoesUnity/2022.2.1f1-x86_64/Editor/Data/MonoBleedingEdge/lib/mono/unityjit-win32'
Mono config path = 'E:/VersoesUnity/2022.2.1f1-x86_64/Editor/Data/MonoBleedingEdge/etc'
Using monoOptions --debugger-agent=transport=dt_socket,embedding=1,server=y,suspend=n,address=127.0.0.1:56172
Begin MonoManager ReloadAssembly
Registering precompiled unity dll's ...
Register platform support module: E:/VersoesUnity/2022.2.1f1-x86_64/Editor/Data/PlaybackEngines/WindowsStandaloneSupport/UnityEditor.WindowsStandalone.Extensions.dll
Registered in 0.003138 seconds.
- Loaded All Assemblies, in  0.328 seconds
Native extension for WindowsStandalone target not found
Mono: successfully reloaded assembly
- Finished resetting the current domain, in  0.282 seconds
Domain Reload Profiling:
	ReloadAssembly (184ms)
		BeginReloadAssembly (77ms)
			ExecutionOrderSort (0ms)
			DisableScriptedObjects (0ms)
			BackupInstance (0ms)
			ReleaseScriptingObjects (0ms)
			CreateAndSetChildDomain (1ms)
		LoadAllAssembliesAndSetupDomain (0ms)
			LoadAssemblies (76ms)
			RebuildTransferFunctionScriptingTraits (0ms)
			SetupTypeCache (142ms)
				TypeCache.Initialize (141ms)
					TypeCache.ScanAssembly (140ms)
				ResolveRequiredComponents (0ms)
		FinalizeReload (0ms)
			ReleaseScriptCaches (0ms)
			RebuildScriptCaches (0ms)
			SetupLoadedEditorAssemblies (217ms)
				LogAssemblyErrors (0ms)
				InitializePlatformSupportModulesInManaged (8ms)
				SetLoadedEditorAssemblies (8ms)
				RefreshPlugins (0ms)
				BeforeProcessingInitializeOnLoad (1ms)
				ProcessInitializeOnLoadAttributes (151ms)
				ProcessInitializeOnLoadMethodAttributes (48ms)
				AfterProcessingInitializeOnLoad (0ms)
				EditorAssembliesLoaded (0ms)
			ExecutionOrderSort2 (0ms)
			AwakeInstancesAfterBackupRestoration (0ms)
========================================================================
Worker process is ready to serve import requests
Begin MonoManager ReloadAssembly
Symbol file LoadedFromMemory doesn't match image E:\Git\EstudoLuzesUnity\Library\PackageCache\com.unity.visualscripting@1.7.8\Editor\VisualScripting.Core\Dependencies\YamlDotNet\Unity.VisualScripting.YamlDotNet.dll
Symbol file LoadedFromMemory doesn't match image E:\Git\EstudoLuzesUnity\Library\PackageCache\com.unity.visualscripting@1.7.8\Editor\VisualScripting.Core\Dependencies\DotNetZip\Unity.VisualScripting.IonicZip.dll
- Loaded All Assemblies, in  0.774 seconds
Refreshing native plugins compatible for Editor in 4.43 ms, found 3 plugins.
Native extension for WindowsStandalone target not found
Mono: successfully reloaded assembly
- Finished resetting the current domain, in  0.602 seconds
Domain Reload Profiling:
	ReloadAssembly (206ms)
		BeginReloadAssembly (112ms)
			ExecutionOrderSort (0ms)
			DisableScriptedObjects (6ms)
			BackupInstance (0ms)
			ReleaseScriptingObjects (0ms)
			CreateAndSetChildDomain (20ms)
		LoadAllAssembliesAndSetupDomain (567ms)
			LoadAssemblies (78ms)
			RebuildTransferFunctionScriptingTraits (0ms)
			SetupTypeCache (541ms)
				TypeCache.Initialize (305ms)
					TypeCache.ScanAssembly (300ms)
				ResolveRequiredComponents (4ms)
		FinalizeReload (0ms)
			ReleaseScriptCaches (0ms)
			RebuildScriptCaches (0ms)
			SetupLoadedEditorAssemblies (441ms)
				LogAssemblyErrors (0ms)
				InitializePlatformSupportModulesInManaged (5ms)
				SetLoadedEditorAssemblies (10ms)
				RefreshPlugins (0ms)
				BeforeProcessingInitializeOnLoad (56ms)
				ProcessInitializeOnLoadAttributes (341ms)
				ProcessInitializeOnLoadMethodAttributes (26ms)
				AfterProcessingInitializeOnLoad (2ms)
				EditorAssembliesLoaded (0ms)
			ExecutionOrderSort2 (0ms)
			AwakeInstancesAfterBackupRestoration (6ms)
Launched and connected shader compiler UnityShaderCompiler.exe after 0.04 seconds
Refreshing native plugins compatible for Editor in 2.46 ms, found 3 plugins.
Preloading 0 native plugins for Editor in 0.00 ms.
Unloading 3512 Unused Serialized files (Serialized files now loaded: 0)
Unloading 38 unused Assets / (1.3 MB). Loaded Objects now: 3961.
Memory consumption went from 0.54 GB to 0.54 GB.
Total: 3.778800 ms (FindLiveObjects: 0.504400 ms CreateObjectMapping: 0.616200 ms MarkObjects: 2.387500 ms  DeleteObjects: 0.269900 ms)

AssetImportParameters requested are different than current active one (requested -> active):
  custom:container-demuxer-ogg: 62fdf1f143b41e24485cea50d1cbac27 -> 
  custom:video-decoder-ogg-theora: a1e56fd34408186e4bbccfd4996cb3dc -> 
  custom:framework-win-MediaFoundation: 216162199b28c13a410421893ffa2e32 -> 
  custom:container-demuxer-webm: 4f35f7cbe854078d1ac9338744f61a02 -> 
  custom:container-muxer-webm: aa71ff27fc2769a1b78a27578f13a17b -> 
  custom:video-decoder-webm-vp8: 9c59270c3fd7afecdb556c50c9e8de78 -> 
  custom:AudioImporter_EditorPlatform: d09bf68614088b80899f8185d706f6e7 -> 
  custom:video-encoder-webm-vp8: eb34c28f22e8b96e1ab97ce403110664 -> 
  custom:audio-decoder-ogg-vorbis: bf7c407c2cedff20999df2af8eb42d56 -> 
  custom:audio-encoder-webm-vorbis: bf7c407c2cedff20999df2af8eb42d56 -> 
========================================================================
Received Import Request.
  Time since last request: 172923.983312 seconds.
  path: Assets/Scenes/ColorTheory1.unity
  artifactKey: Guid(2dd3d67cfc4aba745bfc270f26deae28) Importer(815301076,1909f56bfc062723c751e8b465ee728b)
Number of updated assets reloaded before import = 0
Start importing Assets/Scenes/ColorTheory1.unity using Guid(2dd3d67cfc4aba745bfc270f26deae28) Importer(815301076,1909f56bfc062723c751e8b465ee728b)  -> (artifact id: 'd0e5d88080fae8a73ee27371e2d13699') in 0.009340 seconds 
Number of asset objects unloaded after import = 0
========================================================================
Received Import Request.
  Time since last request: 0.000026 seconds.
  path: Assets/Scenes/ComplementaryColors.unity
  artifactKey: Guid(61ab923b33c530b4a9813cddd1a77b7a) Importer(815301076,1909f56bfc062723c751e8b465ee728b)
Number of updated assets reloaded before import = 0
Start importing Assets/Scenes/ComplementaryColors.unity using Guid(61ab923b33c530b4a9813cddd1a77b7a) Importer(815301076,1909f56bfc062723c751e8b465ee728b)  -> (artifact id: '2ec7b600dddd47cf8c1f689e090ec525') in 0.007632 seconds 
Number of asset objects unloaded after import = 0
========================================================================
Received Import Request.
  Time since last request: 4.227837 seconds.
  path: Assets/Scenes/BakeTest.unity
  artifactKey: Guid(07b767dd8b63ea246ac0d07363de880e) Importer(815301076,1909f56bfc062723c751e8b465ee728b)
Number of updated assets reloaded before import = 0
Start importing Assets/Scenes/BakeTest.unity using Guid(07b767dd8b63ea246ac0d07363de880e) Importer(815301076,1909f56bfc062723c751e8b465ee728b)  -> (artifact id: '3f188b9b5169a83b13b1a1751cec1deb') in 0.008957 seconds 
Number of asset objects unloaded after import = 0
========================================================================
Received Import Request.
  Time since last request: 2.487388 seconds.
  path: Assets/Scenes/SampleScene.unity
  artifactKey: Guid(9fc0d4010bbf28b4594072e72b8655ab) Importer(815301076,1909f56bfc062723c751e8b465ee728b)
Number of updated assets reloaded before import = 0
Start importing Assets/Scenes/SampleScene.unity using Guid(9fc0d4010bbf28b4594072e72b8655ab) Importer(815301076,1909f56bfc062723c751e8b465ee728b)  -> (artifact id: '50522dcd052db6e22e0c7a86ec434b7e') in 0.009653 seconds 
Number of asset objects unloaded after import = 0
========================================================================
Received Import Request.
  Time since last request: 3.474680 seconds.
  path: Assets/Scenes/SplitComplementaryColors.unity
  artifactKey: Guid(5cf07117ebf04e74f84b13b3dfbda203) Importer(815301076,1909f56bfc062723c751e8b465ee728b)
Number of updated assets reloaded before import = 0
Start importing Assets/Scenes/SplitComplementaryColors.unity using Guid(5cf07117ebf04e74f84b13b3dfbda203) Importer(815301076,1909f56bfc062723c751e8b465ee728b)  -> (artifact id: '95ab44f69d717a801c46ba406da1875b') in 0.007906 seconds 
Number of asset objects unloaded after import = 0
========================================================================
Received Import Request.
  Time since last request: 7.079333 seconds.
  path: Assets/Scenes/SplitComplementaryColors 1.unity
  artifactKey: Guid(501412d48cfd02a42900e422262b3334) Importer(815301076,1909f56bfc062723c751e8b465ee728b)
Number of updated assets reloaded before import = 0
Start importing Assets/Scenes/SplitComplementaryColors 1.unity using Guid(501412d48cfd02a42900e422262b3334) Importer(815301076,1909f56bfc062723c751e8b465ee728b)  -> (artifact id: 'f96db98746ebfdfd484bf1494efe9a7a') in 0.007419 seconds 
Number of asset objects unloaded after import = 0
========================================================================
Received Import Request.
  Time since last request: 5.477724 seconds.
  path: Assets/Scenes/Colors 1.unity
  artifactKey: Guid(501412d48cfd02a42900e422262b3334) Importer(815301076,1909f56bfc062723c751e8b465ee728b)
Number of updated assets reloaded before import = 0
Start importing Assets/Scenes/Colors 1.unity using Guid(501412d48cfd02a42900e422262b3334) Importer(815301076,1909f56bfc062723c751e8b465ee728b)  -> (artifact id: '2afb0824b918f510cdeac3e964ef6bbe') in 0.008024 seconds 
Number of asset objects unloaded after import = 0
========================================================================
Received Import Request.
  Time since last request: 12.106863 seconds.
  path: Assets/Scenes/TriadicColors.unity
  artifactKey: Guid(501412d48cfd02a42900e422262b3334) Importer(815301076,1909f56bfc062723c751e8b465ee728b)
Number of updated assets reloaded before import = 0
Start importing Assets/Scenes/TriadicColors.unity using Guid(501412d48cfd02a42900e422262b3334) Importer(815301076,1909f56bfc062723c751e8b465ee728b)  -> (artifact id: '7f990d88f63ef0c19f80ea2fca513e3e') in 0.007745 seconds 
Number of asset objects unloaded after import = 0
========================================================================
Received Import Request.
  Time since last request: 697.261354 seconds.
  path: Assets/Scenes/TriadicColors.unity
  artifactKey: Guid(501412d48cfd02a42900e422262b3334) Importer(815301076,1909f56bfc062723c751e8b465ee728b)
Number of updated assets reloaded before import = 0
Start importing Assets/Scenes/TriadicColors.unity using Guid(501412d48cfd02a42900e422262b3334) Importer(815301076,1909f56bfc062723c751e8b465ee728b)  -> (artifact id: '3ec6a7cc5faac52924daaf73f07bdcc2') in 0.011600 seconds 
Number of asset objects unloaded after import = 0
========================================================================
Received Import Request.
  Time since last request: 0.835589 seconds.
  path: Assets/Scenes/TriadicColors 1.unity
  artifactKey: Guid(c8beeaa0aa4df844584736e39f789e31) Importer(815301076,1909f56bfc062723c751e8b465ee728b)
Number of updated assets reloaded before import = 0
Start importing Assets/Scenes/TriadicColors 1.unity using Guid(c8beeaa0aa4df844584736e39f789e31) Importer(815301076,1909f56bfc062723c751e8b465ee728b)  -> (artifact id: 'c1113325c34c9429c671e796162ca030') in 0.008525 seconds 
Number of asset objects unloaded after import = 0
========================================================================
Received Import Request.
  Time since last request: 7.581467 seconds.
  path: Assets/Scenes/TritradicColors.unity
  artifactKey: Guid(c8beeaa0aa4df844584736e39f789e31) Importer(815301076,1909f56bfc062723c751e8b465ee728b)
Number of updated assets reloaded before import = 0
Start importing Assets/Scenes/TritradicColors.unity using Guid(c8beeaa0aa4df844584736e39f789e31) Importer(815301076,1909f56bfc062723c751e8b465ee728b)  -> (artifact id: 'f6edb8282847301c21fd35436f10f343') in 0.008703 seconds 
Number of asset objects unloaded after import = 0
========================================================================
Received Import Request.
  Time since last request: 395.800740 seconds.
  path: Assets/Scenes/TretradicColors.unity
  artifactKey: Guid(c8beeaa0aa4df844584736e39f789e31) Importer(815301076,1909f56bfc062723c751e8b465ee728b)
Number of updated assets reloaded before import = 0
Start importing Assets/Scenes/TretradicColors.unity using Guid(c8beeaa0aa4df844584736e39f789e31) Importer(815301076,1909f56bfc062723c751e8b465ee728b)  -> (artifact id: '926226664fea57267ea0007d5a9f80c0') in 0.009347 seconds 
Number of asset objects unloaded after import = 0
========================================================================
Received Import Request.
  Time since last request: 807.397199 seconds.
  path: Assets/Scenes
  artifactKey: Guid(047c0a69e0f0e554bb768899a711746a) Importer(815301076,1909f56bfc062723c751e8b465ee728b)
Number of updated assets reloaded before import = 0
Start importing Assets/Scenes using Guid(047c0a69e0f0e554bb768899a711746a) Importer(815301076,1909f56bfc062723c751e8b465ee728b)  -> (artifact id: '53c69135fedf07a7bb0d6074b3203548') in 0.010808 seconds 
Number of asset objects unloaded after import = 0
========================================================================
Received Import Request.
  Time since last request: 15.783768 seconds.
  path: Assets/Scenes/ColorsTheorys
  artifactKey: Guid(f1868997f3f832d4ba434e27c856b86c) Importer(815301076,1909f56bfc062723c751e8b465ee728b)
Number of updated assets reloaded before import = 0
Start importing Assets/Scenes/ColorsTheorys using Guid(f1868997f3f832d4ba434e27c856b86c) Importer(815301076,1909f56bfc062723c751e8b465ee728b)  -> (artifact id: 'bedcbde6918dae76e939d928a4828943') in 0.009732 seconds 
Number of asset objects unloaded after import = 0
========================================================================
Received Import Request.
  Time since last request: 1.656285 seconds.
  path: Assets/Scenes/BakeTest.lighting
  artifactKey: Guid(3620b91e35a3bab4796df227815a2dcf) Importer(815301076,1909f56bfc062723c751e8b465ee728b)
Number of updated assets reloaded before import = 0
Start importing Assets/Scenes/BakeTest.lighting using Guid(3620b91e35a3bab4796df227815a2dcf) Importer(815301076,1909f56bfc062723c751e8b465ee728b) LightingSettings: switching bake backend from 1 to 2.
 -> (artifact id: '5070982bb7021980b6d8721b58e9b315') in 0.059057 seconds 
Number of asset objects unloaded after import = 1
========================================================================
Received Import Request.
  Time since last request: 4.468608 seconds.
  path: Assets/Scenes/ColorTheory1_Profiles
  artifactKey: Guid(482d8228cf211984bbbad3ff49e0d190) Importer(815301076,1909f56bfc062723c751e8b465ee728b)
Number of updated assets reloaded before import = 0
Start importing Assets/Scenes/ColorTheory1_Profiles using Guid(482d8228cf211984bbbad3ff49e0d190) Importer(815301076,1909f56bfc062723c751e8b465ee728b)  -> (artifact id: 'b4bd039b060c904150647c7b90166e61') in 0.022167 seconds 
Number of asset objects unloaded after import = 0
